0 info it worked if it ends with ok
1 verbose cli [ '/Users/baidu/.nvm/versions/node/v5.0.0/bin/node',
1 verbose cli   '/Users/baidu/.nvm/versions/node/v5.0.0/bin/npm',
1 verbose cli   'run',
1 verbose cli   'publish' ]
2 info using npm@3.3.6
3 info using node@v5.0.0
4 verbose run-script [ 'prepublish', 'publish', 'postpublish' ]
5 info lifecycle react-gaea@1.1.9~prepublish: react-gaea@1.1.9
6 silly lifecycle react-gaea@1.1.9~prepublish: no script for prepublish, continuing
7 info lifecycle react-gaea@1.1.9~publish: react-gaea@1.1.9
8 verbose lifecycle react-gaea@1.1.9~publish: unsafe-perm in lifecycle true
9 verbose lifecycle react-gaea@1.1.9~publish: PATH: /Users/baidu/.nvm/versions/node/v5.0.0/lib/node_modules/npm/bin/node-gyp-bin:/Users/baidu/tieba/pages/node_modules/.bin:/Users/baidu/.nvm/versions/node/v5.0.0/bin:/usr/local/Cellar/ant/1.9.6/bin:/Users/baidu/lib/cocos2d-x-3.8/templates:/Users/baidu/lib/cocos2d-x-3.8/tools/cocos2d-console/bin:/usr/local/bin:/usr/bin:/bin:/usr/sbin:/sbin
10 verbose lifecycle react-gaea@1.1.9~publish: CWD: /Users/baidu/tieba/pages
11 silly lifecycle react-gaea@1.1.9~publish: Args: [ '-c', './publish.sh' ]
12 silly lifecycle react-gaea@1.1.9~publish: Returned: code: 1  signal: null
13 info lifecycle react-gaea@1.1.9~publish: Failed to exec publish script
14 verbose stack Error: react-gaea@1.1.9 publish: `./publish.sh`
14 verbose stack Exit status 1
14 verbose stack     at EventEmitter.<anonymous> (/Users/baidu/.nvm/versions/node/v5.0.0/lib/node_modules/npm/lib/utils/lifecycle.js:233:16)
14 verbose stack     at emitTwo (events.js:87:13)
14 verbose stack     at EventEmitter.emit (events.js:172:7)
14 verbose stack     at ChildProcess.<anonymous> (/Users/baidu/.nvm/versions/node/v5.0.0/lib/node_modules/npm/lib/utils/spawn.js:24:14)
14 verbose stack     at emitTwo (events.js:87:13)
14 verbose stack     at ChildProcess.emit (events.js:172:7)
14 verbose stack     at maybeClose (internal/child_process.js:818:16)
14 verbose stack     at Process.ChildProcess._handle.onexit (internal/child_process.js:211:5)
15 verbose pkgid react-gaea@1.1.9
16 verbose cwd /Users/baidu/tieba/pages
17 error Darwin 14.5.0
18 error argv "/Users/baidu/.nvm/versions/node/v5.0.0/bin/node" "/Users/baidu/.nvm/versions/node/v5.0.0/bin/npm" "run" "publish"
19 error node v5.0.0
20 error npm  v3.3.6
21 error code ELIFECYCLE
22 error react-gaea@1.1.9 publish: `./publish.sh`
22 error Exit status 1
23 error Failed at the react-gaea@1.1.9 publish script './publish.sh'.
23 error This is most likely a problem with the react-gaea package,
23 error not with npm itself.
23 error Tell the author that this fails on your system:
23 error     ./publish.sh
23 error You can get their info via:
23 error     npm owner ls react-gaea
23 error There is likely additional logging output above.
24 verbose exit [ 1, true ]
